Arguments: 
  /usr/bin/node /mnt/c/Users/ICamera/AppData/Roaming/npm/node_modules/yarn/bin/yarn.js

PATH: 
  /home/ubuntu/.local/share/solana/install/active_release/bin:/home/ubuntu/.cargo/bin:/usr/local/sbin:/usr/local/bin:/usr/sbin:/usr/bin:/sbin:/bin:/usr/games:/usr/local/games:/mnt/c/Program Files/WindowsApps/CanonicalGroupLimited.Ubuntu20.04onWindows_2004.2021.825.0_x64__79rhkp1fndgsc:/mnt/c/Program Files/Eclipse Adoptium/jdk-17.0.2.8-hotspot/bin:/mnt/c/TwinCAT/Common64:/mnt/c/TwinCAT/Common32:/mnt/c/Program Files/NVIDIA GPU Computing Toolkit/CUDA/v10.2/bin:/mnt/c/Program Files/NVIDIA GPU Computing Toolkit/CUDA/v10.2/libnvvp:/mnt/c/Windows/system32:/mnt/c/Windows:/mnt/c/Windows/System32/Wbem:/mnt/c/Windows/System32/WindowsPowerShell/v1.0/:/mnt/c/Windows/System32/OpenSSH/:/mnt/c/Program Files (x86)/NVIDIA Corporation/PhysX/Common:/mnt/c/Program Files/dotnet/:/mnt/c/Program Files/Microsoft SQL Server/130/Tools/Binn/:/mnt/c/Program Files/nodejs/:/mnt/c/ProgramData/chocolatey/bin:/mnt/c/Program Files/NVIDIA Corporation/Nsight Compute 2019.5.0/:/mnt/c/Program Files/NVIDIA Corporation/NVIDIA NvDLISR:/mnt/c/Program Files (x86)/IncrediBuild:/mnt/d/Tools/DevTools/ffmpeg:/mnt/c/Program Files/CMake/bin:/mnt/c/Anaconda3:/mnt/c/Anaconda3/Scripts:/mnt/c/xampp/php:/mnt/c/composer:/mnt/c/Program Files/Git/cmd:/mnt/c/Program Files/Git/mingw64/bin:/mnt/c/Program Files/Git/usr/bin:/mnt/c/Program Files/Microsoft SQL Server/Client SDK/ODBC/170/Tools/Binn/:/mnt/c/Program Files/Robotics Library/0.7.0/MSVC/14.1/x64/bin:/mnt/c/Program Files/TortoiseSVN/bin:/mnt/c/Program Files/VisualSVN Server/bin:/mnt/c/Program Files/Go/bin:/mnt/c/Users/ICamera/.local/share/solana/install/active_release/bin:/mnt/c/Users/ICamera/.cargo/bin:/mnt/c/Users/ICamera/AppData/Local/emsdk:/mnt/c/Users/ICamera/AppData/Local/emsdk/node/14.15.5_64bit/bin:/mnt/c/Users/ICamera/AppData/Local/emsdk/upstream/emscripten:/mnt/c/Users/ICamera/AppData/Local/Microsoft/WindowsApps:/mnt/c/Users/ICamera/AppData/Roaming/npm:/mnt/c/Users/ICamera/.dotnet/tools:/mnt/c/Microsoft VS Code/bin:/mnt/c/Users/ICamera/AppData/Local/GitHubDesktop/bin:/mnt/c/Users/ICamera/AppData/Roaming/Composer/vendor/bin:/mnt/c/Users/ICamera/go/bin:/snap/bin

Yarn version: 
  1.22.11

Node version: 
  14.19.0

Platform: 
  linux x64

Trace: 
  Error: unexpected end of file
      at Zlib.zlibOnError [as onerror] (zlib.js:187:17)

npm manifest: 
  {
    "private": true,
    "workspaces": {
      "packages": [
        "packages/*"
      ]
    },
    "keywords": [],
    "license": "Apache-2.0",
    "engines": {
      "node": ">=14.17"
    },
    "scripts": {
      "bootstrap": "lerna link && lerna bootstrap",
      "build": "lerna run build",
      "start": "cross-env CI=true lerna run start --scope @oyster/common --stream --parallel --scope web",
      "lint": "prettier -c 'packages/*/{src,test}/**/*.ts' && npm run lint:eslint",
      "lint:eslint": "eslint 'packages/*/{src,test}/**/*.ts'",
      "lint:fix": "prettier --write 'packages/*/{src,test}/**/*.{ts,tsx}' && eslint --fix 'packages/*/{src,test}/**/*.ts'",
      "format:fix": "lerna run format:fix",
      "deploy": "run-s deploy:docs build deploy:apps && gh-pages -d docs",
      "deploy:docs": "lerna run docs",
      "deploy:apps": "lerna run deploy:app",
      "test": "lerna run test --concurrency 1 --stream"
    },
    "lint-staged": {
      "packages/*/{src,test}/**/*.ts": [
        "prettier --write",
        "eslint --cache --fix --max-warnings=0"
      ]
    },
    "resolutions": {
      "@types/react": "^17.0.16"
    },
    "husky": {
      "hooks": {
        "pre-commit": "lint-staged"
      }
    },
    "prettier": {
      "arrowParens": "avoid",
      "semi": true,
      "singleQuote": true,
      "trailingComma": "all"
    },
    "commitlint": {
      "extends": [
        "@commitlint/config-conventional"
      ]
    },
    "dependencies": {
      "cross-env": "^7.0.3",
      "next": "^11.0.1",
      "react": "^17.0.2",
      "react-dom": "^17.0.2"
    },
    "devDependencies": {
      "@commitlint/cli": "^8.2.0",
      "@commitlint/config-conventional": "^8.2.0",
      "@types/animejs": "^3.1.3",
      "@types/jest": "^24.0.0",
      "@typescript-eslint/eslint-plugin": "^4.6.0",
      "@typescript-eslint/parser": "^4.6.0",
      "eslint-plugin-react": "^7.25.1",
      "eslint": "^7.11.0",
      "eslint-config-prettier": "^6.15.0",
      "gh-pages": "^3.1.0",
      "husky": "^4.3.0",
      "jest": "26.6.0",
      "jest-config": "24.9.0",
      "lerna": "3.22.1",
      "lint-staged": "^10.5.0",
      "npm-run-all": "^4.1.5",
      "prettier": "^2.1.2",
      "rimraf": "^3.0.2",
      "ts-jest": "^24.0.0",
      "ts-node": "^9.0.0",
      "typescript": "^4.1.3"
    }
  }

yarn manifest: 
  No manifest

Lockfile: 
  No lockfile
